<?xml version="1.0" encoding="UTF-8"?>
<!-- Generated by org.testng.reporters.JUnitReportReporter -->
<testsuite hostname="LAPTOP-8LDIDNR2" failures="0" tests="1" name="loginTest.LoginTest2" time="0.401" errors="0" timestamp="04 Jun 2024 07:57:26 GMT" skipped="0">
  <testcase classname="loginTest.LoginTest2" name="login" time="0.401"/>
</testsuite> <!-- loginTest.LoginTest2 -->
