<?xml version="1.0" encoding="UTF-8"?>
<!-- Generated by org.testng.reporters.JUnitReportReporter -->
<testsuite hostname="LAPTOP-8LDIDNR2" failures="0" tests="1" name="loginTest.SimpleBillingLoginTest" time="1.106" errors="0" timestamp="06 Jun 2024 11:36:09 GMT" skipped="0">
  <testcase classname="loginTest.SimpleBillingLoginTest" name="login" time="1.106"/>
</testsuite> <!-- loginTest.SimpleBillingLoginTest -->
