<?xml version="1.0" encoding="UTF-8"?>
<!-- Generated by org.testng.reporters.JUnitReportReporter -->
<testsuite hostname="LAPTOP-8LDIDNR2" failures="0" tests="1" name="loginTest.FacebookLoginTest" time="0.374" errors="0" timestamp="06 Jun 2024 07:20:42 GMT" skipped="0">
  <testcase classname="loginTest.FacebookLoginTest" name="login" time="0.374"/>
</testsuite> <!-- loginTest.FacebookLoginTest -->
