<?xml version="1.0" encoding="UTF-8"?>
<!-- Generated by org.testng.reporters.JUnitReportReporter -->
<testsuite hostname="LAPTOP-8LDIDNR2" failures="0" tests="1" name="loginTest.LoginTest2" time="8.977" errors="0" timestamp="05 Jun 2024 16:04:34 GMT" skipped="0">
  <testcase classname="loginTest.LoginTest2" name="login" time="8.977"/>
</testsuite> <!-- loginTest.LoginTest2 -->
