<?xml version="1.0" encoding="UTF-8"?>
<!-- Generated by org.testng.reporters.JUnitReportReporter -->
<testsuite hostname="LAPTOP-8LDIDNR2" failures="0" tests="1" name="loginTest.LoginTest2" time="1.427" errors="0" timestamp="05 Jun 2024 10:33:12 GMT" skipped="0">
  <testcase classname="loginTest.LoginTest2" name="login" time="1.427"/>
</testsuite> <!-- loginTest.LoginTest2 -->
